[Sat Aug 18 01:19:30 2012] common.cc           (00051) RegisterComponents():  registering built-in components
[Sat Aug 18 01:19:30 2012] registry.cc         (00018)         Register():  registering component: config
[Sat Aug 18 01:19:30 2012] registry.cc         (00018)         Register():  registering component: schema_config
[Sat Aug 18 01:19:30 2012] registry.cc         (00018)         Register():  registering component: dictionary
[Sat Aug 18 01:19:30 2012] registry.cc         (00018)         Register():  registering component: reverse_lookup_dictionary
[Sat Aug 18 01:19:30 2012] registry.cc         (00018)         Register():  registering component: user_dictionary
[Sat Aug 18 01:19:30 2012] registry.cc         (00018)         Register():  registering component: ascii_composer
[Sat Aug 18 01:19:30 2012] registry.cc         (00018)         Register():  registering component: chord_composer
[Sat Aug 18 01:19:30 2012] registry.cc         (00018)         Register():  registering component: express_editor
[Sat Aug 18 01:19:30 2012] registry.cc         (00018)         Register():  registering component: fluency_editor
[Sat Aug 18 01:19:30 2012] registry.cc         (00018)         Register():  registering component: key_binder
[Sat Aug 18 01:19:30 2012] registry.cc         (00018)         Register():  registering component: navigator
[Sat Aug 18 01:19:30 2012] registry.cc         (00018)         Register():  registering component: punctuator
[Sat Aug 18 01:19:30 2012] registry.cc         (00018)         Register():  registering component: recognizer
[Sat Aug 18 01:19:30 2012] registry.cc         (00018)         Register():  registering component: selector
[Sat Aug 18 01:19:30 2012] registry.cc         (00018)         Register():  registering component: speller
[Sat Aug 18 01:19:30 2012] registry.cc         (00018)         Register():  registering component: abc_segmentor
[Sat Aug 18 01:19:30 2012] registry.cc         (00018)         Register():  registering component: ascii_segmentor
[Sat Aug 18 01:19:30 2012] registry.cc         (00018)         Register():  registering component: matcher
[Sat Aug 18 01:19:30 2012] registry.cc         (00018)         Register():  registering component: punct_segmentor
[Sat Aug 18 01:19:30 2012] registry.cc         (00018)         Register():  registering component: fallback_segmentor
[Sat Aug 18 01:19:30 2012] registry.cc         (00018)         Register():  registering component: echo_translator
[Sat Aug 18 01:19:30 2012] registry.cc         (00018)         Register():  registering component: punct_translator
[Sat Aug 18 01:19:30 2012] registry.cc         (00018)         Register():  registering component: table_translator
[Sat Aug 18 01:19:30 2012] registry.cc         (00018)         Register():  registering component: r10n_translator
[Sat Aug 18 01:19:30 2012] registry.cc         (00018)         Register():  registering component: reverse_lookup_translator
[Sat Aug 18 01:19:30 2012] registry.cc         (00018)         Register():  registering component: simplifier
[Sat Aug 18 01:19:30 2012] registry.cc         (00018)         Register():  registering component: uniquifier
[Sat Aug 18 01:19:30 2012] deployment_tasks.cc (00028)              Run():  updating rime installation.
[Sat Aug 18 01:19:30 2012] config.cc           (00411)     LoadFromFile():  loading config file '/home/alycolas/.config/fcitx/rime/installation.yaml'.
[Sat Aug 18 01:19:30 2012] deployment_tasks.cc (00039)              Run():  installation info exists. installation id: 456a8746-ff2d-477d-bf87-a8ab248c2e0f
[Sat Aug 18 01:19:30 2012] deployment_tasks.cc (00045)              Run():  previous distribution: fcitx-rime
[Sat Aug 18 01:19:30 2012] deployment_tasks.cc (00049)              Run():  previous distribution version: 0.1
[Sat Aug 18 01:19:30 2012] deployment_tasks.cc (00053)              Run():  previous Rime version: 0.9.2
[Sat Aug 18 01:19:30 2012] config.cc           (00411)     LoadFromFile():  loading config file '/home/alycolas/.config/fcitx/rime/default.yaml'.
[Sat Aug 18 01:19:30 2012] config.cc           (00411)     LoadFromFile():  loading config file '/usr/share/fcitx/rime/default.yaml'.
[Sat Aug 18 01:19:30 2012] customizer.cc       (00098) UpdateConfigFile():  config file '/home/alycolas/.config/fcitx/rime/default.yaml' is up-to-date.
[Sat Aug 18 01:19:30 2012] config.cc           (00411)     LoadFromFile():  loading config file '/home/alycolas/.config/fcitx/rime/default.yaml'.
[Sat Aug 18 01:19:30 2012] config.cc           (00411)     LoadFromFile():  loading config file '/home/alycolas/.config/fcitx/rime/user.yaml'.
[Sat Aug 18 01:19:30 2012] config.cc           (00411)     LoadFromFile():  loading config file '/home/alycolas/.config/fcitx/rime/wubi86.schema.yaml'.
[Sat Aug 18 01:19:30 2012] engine.cc           (00071)   ConcreteEngine():  Entering function , ConcreteEngine
[Sat Aug 18 01:19:30 2012] engine.cc           (00112)   OnOptionUpdate():  option = 'auto_commit'
[Sat Aug 18 01:19:30 2012] dictionary.cc       (00267)             Load():  Entering function , Load
[Sat Aug 18 01:19:30 2012] table.cc            (00195)             Load():  Load file: /home/alycolas/.config/fcitx/rime/wubi86.table.bin
[Sat Aug 18 01:19:30 2012] mapped_file.cc      (00116)     OpenReadOnly():  Error: attempt to open non-existent file '/home/alycolas/.config/fcitx/rime/wubi86.table.bin'.
[Sat Aug 18 01:19:30 2012] table.cc            (00201)             Load():  Error opening table file '/home/alycolas/.config/fcitx/rime/wubi86.table.bin'.
[Sat Aug 18 01:19:30 2012] dictionary.cc       (00269)             Load():  Error loading table for dictionary 'wubi86'.
[Sat Aug 18 01:19:30 2012] dictionary.cc       (00267)             Load():  Exiting function , Load
[Sat Aug 18 01:19:30 2012] engine.cc           (00112)   OnOptionUpdate():  option = 'ascii_mode'
[Sat Aug 18 01:19:30 2012] engine.cc           (00071)   ConcreteEngine():  Exiting function , ConcreteEngine
[Sat Aug 18 01:19:30 2012] engine.cc           (00112)   OnOptionUpdate():  option = 'simplification'
[Sat Aug 18 01:19:33 2012] switcher.cc         (00208)         Activate():  Entering function , Activate
[Sat Aug 18 01:19:33 2012] config.cc           (00411)     LoadFromFile():  loading config file '/home/alycolas/.config/fcitx/rime/luna_pinyin.schema.yaml'.
[Sat Aug 18 01:19:33 2012] config.cc           (00411)     LoadFromFile():  loading config file '/home/alycolas/.config/fcitx/rime/cangjie5.schema.yaml'.
[Sat Aug 18 01:19:33 2012] config.cc           (00411)     LoadFromFile():  loading config file '/home/alycolas/.config/fcitx/rime/luna_pinyin_fluency.schema.yaml'.
[Sat Aug 18 01:19:33 2012] config.cc           (00411)     LoadFromFile():  loading config file '/home/alycolas/.config/fcitx/rime/wubi_pinyin.schema.yaml'.
[Sat Aug 18 01:19:33 2012] switcher.cc         (00208)         Activate():  Exiting function , Activate
[Sat Aug 18 01:19:58 2012] switcher.cc         (00208)         Activate():  Entering function , Activate
[Sat Aug 18 01:19:58 2012] config.cc           (00411)     LoadFromFile():  loading config file '/home/alycolas/.config/fcitx/rime/luna_pinyin.schema.yaml'.
[Sat Aug 18 01:19:58 2012] config.cc           (00411)     LoadFromFile():  loading config file '/home/alycolas/.config/fcitx/rime/cangjie5.schema.yaml'.
[Sat Aug 18 01:19:58 2012] config.cc           (00411)     LoadFromFile():  loading config file '/home/alycolas/.config/fcitx/rime/luna_pinyin_fluency.schema.yaml'.
[Sat Aug 18 01:19:58 2012] config.cc           (00411)     LoadFromFile():  loading config file '/home/alycolas/.config/fcitx/rime/wubi_pinyin.schema.yaml'.
[Sat Aug 18 01:19:58 2012] switcher.cc         (00208)         Activate():  Exiting function , Activate
[Sat Aug 18 01:20:09 2012] switcher.cc         (00196)         OnSelect():  Entering function , OnSelect
[Sat Aug 18 01:20:09 2012] config.cc           (00411)     LoadFromFile():  loading config file '/home/alycolas/.config/fcitx/rime/wubi_pinyin.schema.yaml'.
[Sat Aug 18 01:20:09 2012] engine.cc           (00112)   OnOptionUpdate():  option = 'auto_commit'
[Sat Aug 18 01:20:09 2012] dictionary.cc       (00267)             Load():  Entering function , Load
[Sat Aug 18 01:20:09 2012] table.cc            (00195)             Load():  Load file: /home/alycolas/.config/fcitx/rime/wubi86.table.bin
[Sat Aug 18 01:20:09 2012] mapped_file.cc      (00116)     OpenReadOnly():  Error: attempt to open non-existent file '/home/alycolas/.config/fcitx/rime/wubi86.table.bin'.
[Sat Aug 18 01:20:09 2012] table.cc            (00201)             Load():  Error opening table file '/home/alycolas/.config/fcitx/rime/wubi86.table.bin'.
[Sat Aug 18 01:20:09 2012] dictionary.cc       (00269)             Load():  Error loading table for dictionary 'wubi86'.
[Sat Aug 18 01:20:09 2012] dictionary.cc       (00267)             Load():  Exiting function , Load
[Sat Aug 18 01:20:09 2012] engine.cc           (00112)   OnOptionUpdate():  option = 'ascii_mode'
[Sat Aug 18 01:20:09 2012] config.cc           (00316)          SetItem():  key = 'var/previously_selected_schema'
[Sat Aug 18 01:20:09 2012] switcher.cc         (00196)         OnSelect():  Exiting function , OnSelect
[Sat Aug 18 01:20:11 2012] dictionary.cc       (00267)             Load():  Entering function , Load
[Sat Aug 18 01:20:11 2012] table.cc            (00195)             Load():  Load file: /home/alycolas/.config/fcitx/rime/pinyin_simp.table.bin
[Sat Aug 18 01:20:11 2012] mapped_file.cc      (00116)     OpenReadOnly():  Error: attempt to open non-existent file '/home/alycolas/.config/fcitx/rime/pinyin_simp.table.bin'.
[Sat Aug 18 01:20:11 2012] table.cc            (00201)             Load():  Error opening table file '/home/alycolas/.config/fcitx/rime/pinyin_simp.table.bin'.
[Sat Aug 18 01:20:11 2012] dictionary.cc       (00269)             Load():  Error loading table for dictionary 'pinyin_simp'.
[Sat Aug 18 01:20:11 2012] dictionary.cc       (00267)             Load():  Exiting function , Load
[Sat Aug 18 01:20:15 2012] recognizer.cc       (00060)         GetMatch():  input[0,1] 'X' matches pattern: uppercase
[Sat Aug 18 01:20:15 2012] recognizer.cc       (00060)         GetMatch():  input[0,1] 'X' matches pattern: uppercase
[Sat Aug 18 01:20:15 2012] recognizer.cc       (00067)         GetMatch():  input[0,2] 'XX' matches pattern: uppercase
[Sat Aug 18 01:20:15 2012] recognizer.cc       (00067)         GetMatch():  input[0,2] 'XX' matches pattern: uppercase
[Sat Aug 18 01:20:16 2012] recognizer.cc       (00067)         GetMatch():  input[0,3] 'XXX' matches pattern: uppercase
[Sat Aug 18 01:20:16 2012] recognizer.cc       (00067)         GetMatch():  input[0,3] 'XXX' matches pattern: uppercase
[Sat Aug 18 01:20:16 2012] recognizer.cc       (00067)         GetMatch():  input[0,4] 'XXXX' matches pattern: uppercase
[Sat Aug 18 01:20:16 2012] recognizer.cc       (00067)         GetMatch():  input[0,4] 'XXXX' matches pattern: uppercase
[Sat Aug 18 10:50:49 2012] switcher.cc         (00208)         Activate():  Entering function , Activate
[Sat Aug 18 10:50:49 2012] config.cc           (00411)     LoadFromFile():  loading config file '/home/alycolas/.config/fcitx/rime/luna_pinyin.schema.yaml'.
[Sat Aug 18 10:50:49 2012] config.cc           (00411)     LoadFromFile():  loading config file '/home/alycolas/.config/fcitx/rime/cangjie5.schema.yaml'.
[Sat Aug 18 10:50:49 2012] config.cc           (00411)     LoadFromFile():  loading config file '/home/alycolas/.config/fcitx/rime/luna_pinyin_fluency.schema.yaml'.
[Sat Aug 18 10:50:49 2012] config.cc           (00411)     LoadFromFile():  loading config file '/home/alycolas/.config/fcitx/rime/wubi86.schema.yaml'.
[Sat Aug 18 10:50:49 2012] switcher.cc         (00208)         Activate():  Exiting function , Activate
[Sat Aug 18 10:50:53 2012] switcher.cc         (00196)         OnSelect():  Entering function , OnSelect
[Sat Aug 18 10:50:53 2012] config.cc           (00411)     LoadFromFile():  loading config file '/home/alycolas/.config/fcitx/rime/luna_pinyin.schema.yaml'.
[Sat Aug 18 10:50:53 2012] engine.cc           (00112)   OnOptionUpdate():  option = 'auto_commit'
[Sat Aug 18 10:50:53 2012] dictionary.cc       (00267)             Load():  Entering function , Load
[Sat Aug 18 10:50:53 2012] table.cc            (00195)             Load():  Load file: /home/alycolas/.config/fcitx/rime/luna_pinyin.table.bin
[Sat Aug 18 10:50:53 2012] prism.cc            (00075)             Load():  Load file: /home/alycolas/.config/fcitx/rime/luna_pinyin.prism.bin
[Sat Aug 18 10:50:53 2012] prism.cc            (00102)             Load():  Found double array image of size 1792.
[Sat Aug 18 10:50:53 2012] dictionary.cc       (00267)             Load():  Exiting function , Load
[Sat Aug 18 10:50:53 2012] engine.cc           (00112)   OnOptionUpdate():  option = 'ascii_mode'
[Sat Aug 18 10:50:53 2012] config.cc           (00316)          SetItem():  key = 'var/previously_selected_schema'
[Sat Aug 18 10:50:53 2012] switcher.cc         (00196)         OnSelect():  Exiting function , OnSelect
[Sat Aug 18 10:50:54 2012] simplifier.cc       (00042)           Opencc():  config_path = 'zht2zhs.ini'
[Sat Aug 18 11:02:20 2012] engine.cc           (00086)  ~ConcreteEngine():  Entering function , ~ConcreteEngine
[Sat Aug 18 11:02:20 2012] user_db.cc          (00185)            Close():  closed db 'luna_pinyin.userdb.kct'.
[Sat Aug 18 11:02:20 2012] engine.cc           (00086)  ~ConcreteEngine():  Exiting function , ~ConcreteEngine
